2018-05-27 21:00:15,909 - INFO - from: 31.22415,121.424639 - to: 31.277159,121.175772 - time: 16:50 - trip: {'trip': [{'tripNo': 1, 'tripType': 'subway-ydPlan', 'tripDetails': {'totalDuration': 115, 'departTime': '16:50', 'arriveTime': '18:45', 'totalPrice': 29.0, 'part': [{'partNo': 1, 'subwayplan': {'totalDuration': 47, 'departTime': '16:50', 'arriveTime': '17:37', 'totalPrice': 4.0, 'planStep': [{'stepNo': 1, 'o_station': '中山公园', 'd_station': '宜山路', 'route': {'name': '地铁4号线外圈', 'direction': '延安西路'}}, {'stepNo': 2, 'o_station': '宜山路', 'd_station': '漕河泾开发区', 'route': {'name': '地铁9号线', 'direction': '松江南站'}}]}}, {'partNo': 2, 'ydplan': {'totalDuration': 68, 'departTime': '17:37', 'arriveTime': '18:45', 'totalPrice': 25.0, 'planStep': [{'stepNo': 1, 'duration': 58.0, 'departTime': '17:42', 'arriveTime': '18:40', 'price': 25.0, 'o_station': {'id': 454, 'name': '漕河泾地铁站', 'type': '1', 'flag': 2}, 'd_station': {'id': 75, 'name': '安亭新镇', 'type': '1', 'flag': 4}, 'route': {'id': '304', 'name': '汽车城---漕河泾线', 'type': '1', 'code': 'CHJ1745', 'vehicleNo': '沪A09516D', 'waitTime': 13.0, 'busArriveOStationTime': '17:55'}}]}}]}}, {'tripNo': 2, 'tripType': 'subway-ydPlan', 'tripDetails': {'totalDuration': 115, 'departTime': '16:50', 'arriveTime': '18:45', 'totalPrice': 26.0, 'part': [{'partNo': 1, 'subwayplan': {'totalDuration': 88, 'departTime': '16:50', 'arriveTime': '18:18', 'totalPrice': 6.0, 'planStep': [{'stepNo': 1, 'o_station': '中山公园', 'd_station': '江苏路', 'route': {'name': '地铁2号线', 'direction': '广兰路'}}, {'stepNo': 2, 'o_station': '江苏路', 'd_station': '上海汽车城', 'route': {'name': '地铁11号线', 'direction': '花桥'}}]}}, {'partNo': 2, 'ydplan': {'totalDuration': 27, 'departTime': '18:18', 'arriveTime': '18:45', 'totalPrice': 20.0, 'planStep': [{'stepNo': 1, 'duration': 17.0, 'departTime': '18:23', 'arriveTime': '18:40', 'price': 20.0, 'o_station': {'id': 41, 'name': '万立城（汽车城站）', 'type': '1', 'flag': 5}, 'd_station': {'id': 75, 'name': '安亭新镇', 'type': '1', 'flag': 7}, 'route': {'id': '21', 'name': '汽车城---虹桥枢纽线', 'type': '1', 'code': 'HQ1800', 'vehicleNo': '沪DG6271', 'waitTime': 10.0, 'busArriveOStationTime': '18:33'}}]}}]}}], 'no_trip_reason': {'ydPlan': 'time and codes limit', 'subwayPlan': 'subway station limit'}}
2018-05-29 22:58:09,090 - INFO - from: 31.22415,121.424639 - to: 31.277159,121.175772 - time: 16:50 - trip: {'trip': [{'tripNo': 1, 'tripType': 'subway-ydPlan', 'tripDetails': {'totalDuration': 115, 'departTime': '16:50', 'arriveTime': '18:45', 'totalPrice': 29.0, 'part': [{'partNo': 1, 'subwayplan': {'totalDuration': 47, 'departTime': '16:50', 'arriveTime': '17:37', 'totalPrice': 4.0, 'planStep': [{'stepNo': 1, 'o_station': '中山公园', 'd_station': '宜山路', 'route': {'name': '地铁4号线外圈', 'direction': '延安西路'}}, {'stepNo': 2, 'o_station': '宜山路', 'd_station': '漕河泾开发区', 'route': {'name': '地铁9号线', 'direction': '松江南站'}}]}}, {'partNo': 2, 'ydplan': {'totalDuration': 68, 'departTime': '17:37', 'arriveTime': '18:45', 'totalPrice': 25.0, 'planStep': [{'stepNo': 1, 'duration': 58.0, 'departTime': '17:42', 'arriveTime': '18:40', 'price': 25.0, 'o_station': {'id': 454, 'name': '漕河泾地铁站', 'type': '1', 'flag': 2}, 'd_station': {'id': 1643, 'name': '安亭新镇', 'type': '1', 'flag': 4}, 'route': {'id': '304', 'name': '汽车城---漕河泾线', 'type': '1', 'code': 'CHJ1745', 'vehicleNo': '沪A09516D', 'waitTime': 13.0, 'busArriveOStationTime': '17:55'}}]}}]}}, {'tripNo': 2, 'tripType': 'subway-ydPlan', 'tripDetails': {'totalDuration': 115, 'departTime': '16:50', 'arriveTime': '18:45', 'totalPrice': 26.0, 'part': [{'partNo': 1, 'subwayplan': {'totalDuration': 88, 'departTime': '16:50', 'arriveTime': '18:18', 'totalPrice': 6.0, 'planStep': [{'stepNo': 1, 'o_station': '中山公园', 'd_station': '江苏路', 'route': {'name': '地铁2号线', 'direction': '广兰路'}}, {'stepNo': 2, 'o_station': '江苏路', 'd_station': '上海汽车城', 'route': {'name': '地铁11号线', 'direction': '花桥'}}]}}, {'partNo': 2, 'ydplan': {'totalDuration': 27, 'departTime': '18:18', 'arriveTime': '18:45', 'totalPrice': 20.0, 'planStep': [{'stepNo': 1, 'duration': 17.0, 'departTime': '18:23', 'arriveTime': '18:40', 'price': 20.0, 'o_station': {'id': 41, 'name': '万立城（汽车城站）', 'type': '1', 'flag': 5}, 'd_station': {'id': 1643, 'name': '安亭新镇', 'type': '1', 'flag': 7}, 'route': {'id': '21', 'name': '汽车城---虹桥枢纽线', 'type': '1', 'code': 'HQ1800', 'vehicleNo': '沪DG6271', 'waitTime': 10.0, 'busArriveOStationTime': '18:33'}}]}}]}}], 'no_trip_reason': {'ydPlan': 'time and codes limit', 'subwayPlan': 'subway station limit'}}
2018-05-31 00:19:07,323 - INFO - from: 31.22415,121.424639 - to: 31.277159,121.175772 - time: 16:50
2018-05-31 00:20:09,645 - INFO - from: 31.2712,121.178615 - to: 31.277159,121.175772 - time: 07:10
2018-05-31 00:20:09,702 - INFO - from: 31.277159,121.175772 - to: 31.22415,121.424639 - time: 07:30
2018-05-31 00:20:09,785 - INFO - from: 31.2712,121.178615 - to: 31.22415,121.424639 - time: 07:10
2018-05-31 00:20:09,888 - INFO - from: 31.29188,121.22063 - to: 31.22415,121.424639 - time: 07:20
2018-05-31 00:20:09,986 - INFO - from: 31.22415,121.424639 - to: 31.277159,121.175772 - time: 16:50
2018-05-31 22:30:40,608 - INFO - from: 31.2712,121.178615 - to: 31.277159,121.175772 - time: 07:10
2018-05-31 22:30:45,869 - INFO - from: 31.277159,121.175772 - to: 31.22415,121.424639 - time: 07:30
2018-05-31 22:30:45,979 - INFO - from: 31.2712,121.178615 - to: 31.22415,121.424639 - time: 07:10
2018-05-31 22:30:46,066 - INFO - from: 31.29188,121.22063 - to: 31.22415,121.424639 - time: 07:20
2018-05-31 22:30:46,754 - INFO - from: 31.22415,121.424639 - to: 31.277159,121.175772 - time: 16:50
2018-05-31 22:32:40,735 - INFO - 载入数据2018-05-31
2018-05-31 22:32:41,069 - INFO - 载入数据2018-05-31
2018-05-31 22:32:41,235 - INFO - 载入数据2018-05-31
2018-05-31 22:32:41,243 - INFO - 载入数据2018-05-31
2018-05-31 22:33:11,470 - INFO - 载入数据2018-05-31
2018-05-31 22:33:11,471 - INFO - 载入数据2018-05-31
2018-05-31 22:33:11,702 - INFO - 载入数据2018-05-31
2018-05-31 22:33:11,766 - INFO - 载入数据2018-05-31
2018-05-31 22:33:11,775 - INFO - 载入数据2018-05-31
2018-05-31 22:34:02,397 - INFO - 载入数据2018-05-31
2018-05-31 22:34:03,764 - INFO - 载入数据2018-05-31
2018-05-31 22:34:04,072 - INFO - 载入数据2018-05-31
2018-05-31 22:34:04,208 - INFO - 载入数据2018-05-31
2018-05-31 22:34:04,283 - INFO - 载入数据2018-05-31
2018-05-31 22:34:07,172 - INFO - from: 31.2712,121.178615 - to: 31.277159,121.175772 - time: 07:10
2018-05-31 22:34:07,411 - INFO - from: 31.277159,121.175772 - to: 31.22415,121.424639 - time: 07:30
2018-05-31 22:34:07,561 - INFO - from: 31.2712,121.178615 - to: 31.22415,121.424639 - time: 07:10
2018-05-31 22:34:07,790 - INFO - from: 31.29188,121.22063 - to: 31.22415,121.424639 - time: 07:20
2018-05-31 22:34:07,977 - INFO - from: 31.22415,121.424639 - to: 31.277159,121.175772 - time: 16:50
2018-05-31 23:00:06,743 - INFO - 载入数据2018-05-31
2018-05-31 23:00:06,745 - INFO - from: 31.2712,121.178615 - to: 31.277159,121.175772 - time: 07:10
2018-05-31 23:00:06,802 - INFO - from: 31.277159,121.175772 - to: 31.22415,121.424639 - time: 07:30
2018-05-31 23:00:06,873 - INFO - from: 31.2712,121.178615 - to: 31.22415,121.424639 - time: 07:10
2018-05-31 23:00:07,536 - INFO - 载入数据2018-05-31
2018-05-31 23:00:07,587 - INFO - from: 31.29188,121.22063 - to: 31.22415,121.424639 - time: 07:20
2018-05-31 23:00:08,337 - INFO - 载入数据2018-05-31
2018-05-31 23:00:08,385 - INFO - from: 31.22415,121.424639 - to: 31.277159,121.175772 - time: 16:50
2018-05-31 23:04:14,887 - INFO - 载入数据/home/hyfgreg/yidong_algo_demo/data/routeListSet2018-05-31.json
2018-05-31 23:04:14,933 - INFO - 载入数据/home/hyfgreg/yidong_algo_demo/data/routeStationList2018-05-31.json
2018-05-31 23:04:15,014 - INFO - 载入数据/home/hyfgreg/yidong_algo_demo/data/routeStationTime2018-05-31.json
2018-05-31 23:04:15,046 - INFO - 载入数据/home/hyfgreg/yidong_algo_demo/data/busSchedule2018-05-31.json
2018-05-31 23:04:15,067 - INFO - 载入数据/home/hyfgreg/yidong_algo_demo/data/routeListSet2018-05-31.json
2018-05-31 23:04:15,100 - INFO - 载入数据/home/hyfgreg/yidong_algo_demo/data/routeListSet2018-05-31.json
2018-05-31 23:04:15,114 - INFO - 载入数据/home/hyfgreg/yidong_algo_demo/data/routeStationList2018-05-31.json
2018-05-31 23:04:15,148 - INFO - 载入数据/home/hyfgreg/yidong_algo_demo/data/routeStationList2018-05-31.json
2018-05-31 23:04:15,161 - INFO - 载入数据/home/hyfgreg/yidong_algo_demo/data/routeListSet2018-05-31.json
2018-05-31 23:04:15,181 - INFO - 载入数据/home/hyfgreg/yidong_algo_demo/data/routeStationTime2018-05-31.json
2018-05-31 23:04:15,191 - INFO - 载入数据/home/hyfgreg/yidong_algo_demo/data/routeStationList2018-05-31.json
2018-05-31 23:04:15,215 - INFO - 载入数据/home/hyfgreg/yidong_algo_demo/data/busSchedule2018-05-31.json
2018-05-31 23:04:15,219 - INFO - 载入数据/home/hyfgreg/yidong_algo_demo/data/routeStationTime2018-05-31.json
2018-05-31 23:04:15,234 - INFO - 载入数据/home/hyfgreg/yidong_algo_demo/data/routeStationTime2018-05-31.json
2018-05-31 23:04:15,249 - INFO - 载入数据/home/hyfgreg/yidong_algo_demo/data/busSchedule2018-05-31.json
2018-05-31 23:04:15,257 - INFO - 载入数据/home/hyfgreg/yidong_algo_demo/data/busSchedule2018-05-31.json
2018-05-31 23:04:15,553 - INFO - 载入数据/home/hyfgreg/yidong_algo_demo/data/routeListSet2018-05-31.json
2018-05-31 23:04:15,600 - INFO - 载入数据/home/hyfgreg/yidong_algo_demo/data/routeStationList2018-05-31.json
2018-05-31 23:04:15,674 - INFO - 载入数据/home/hyfgreg/yidong_algo_demo/data/routeStationTime2018-05-31.json
2018-05-31 23:04:15,720 - INFO - 载入数据/home/hyfgreg/yidong_algo_demo/data/busSchedule2018-05-31.json
2018-05-31 23:04:16,480 - INFO - 载入数据2018-05-31
2018-05-31 23:04:16,505 - INFO - 载入数据2018-05-31
2018-05-31 23:04:16,715 - INFO - 载入数据2018-05-31
2018-05-31 23:04:16,725 - INFO - 载入数据2018-05-31
2018-05-31 23:04:16,866 - INFO - 载入数据2018-05-31
