2018-05-27 21:03:19,223 - ERROR - 404 Not Found: The requested URL was not found on the server.  If you entered the URL manually please check your spelling and try again.
2018-05-27 21:05:49,472 - ERROR - 404 Not Found: The requested URL was not found on the server.  If you entered the URL manually please check your spelling and try again.
2018-05-27 21:10:16,915 - ERROR - 'str' object is not callable
2018-05-27 21:16:38,633 - ERROR - 'str' object is not callable
2018-05-27 21:17:01,084 - ERROR - url: http://127.0.0.1:8000/dd - error: 404 Not Found: The requested URL was not found on the server.  If you entered the URL manually please check your spelling and try again.
2018-05-29 22:54:29,256 - ERROR - url: http://127.0.0.1:8000/favicon.ico - error: 404 Not Found: The requested URL was not found on the server.  If you entered the URL manually please check your spelling and try again.
2018-05-29 22:54:29,259 - ERROR - url: http://127.0.0.1:8000/favicon.ico - error: 404 Not Found: The requested URL was not found on the server.  If you entered the URL manually please check your spelling and try again.
2018-05-29 22:57:48,544 - ERROR - url: http://127.0.0.1:8000/plaen_trip?o_lat=31.22415&o_lng=121.424639&d_lat=31.277159&d_lng=121.175772&otime=16:50 - error: 404 Not Found: The requested URL was not found on the server.  If you entered the URL manually please check your spelling and try again.
2018-05-31 00:19:01,613 - ERROR - url: http://127.0.0.1:8000/favicon.ico - error: 404 Not Found: The requested URL was not found on the server.  If you entered the URL manually please check your spelling and try again.
2018-05-31 00:19:01,619 - ERROR - url: http://127.0.0.1:8000/favicon.ico - error: 404 Not Found: The requested URL was not found on the server.  If you entered the URL manually please check your spelling and try again.
2018-05-31 22:38:54,052 - ERROR - 驿动数据缺失！2018-05-31数据缺失，请更新！
2018-05-31 22:38:54,070 - ERROR - 驿动数据缺失！2018-05-31数据缺失，请更新！
2018-05-31 22:38:54,127 - ERROR - 驿动数据缺失！2018-05-31数据缺失，请更新！
2018-05-31 22:38:54,208 - ERROR - 驿动数据缺失！2018-05-31数据缺失，请更新！
2018-05-31 22:38:54,255 - ERROR - 驿动数据缺失！2018-05-31数据缺失，请更新！
2018-05-31 22:39:20,599 - ERROR - 驿动数据缺失！2018-05-31数据缺失，请更新！
2018-05-31 22:39:20,608 - ERROR - url: http://localhost:8000/plan_trip?o_lat=31.2712&o_lng=121.178615&d_lat=31.277159&d_lng=121.175772&otime=07:10&membertype=0 - error: 'YidongAlgo' object has no attribute 'ydstation'
2018-05-31 22:39:20,618 - ERROR - 驿动数据缺失！2018-05-31数据缺失，请更新！
2018-05-31 22:39:20,626 - ERROR - url: http://localhost:8000/plan_trip?o_lat=31.277159&o_lng=121.175772&d_lat=31.22415&d_lng=121.424639&otime=07:30&membertype=1 - error: 'YidongAlgo' object has no attribute 'ydstation'
2018-05-31 22:39:20,635 - ERROR - 驿动数据缺失！2018-05-31数据缺失，请更新！
2018-05-31 22:39:20,638 - ERROR - url: http://localhost:8000/plan_trip?o_lat=31.2712&o_lng=121.178615&d_lat=31.22415&d_lng=121.424639&otime=07:10&membertype=2 - error: 'YidongAlgo' object has no attribute 'ydstation'
2018-05-31 22:39:20,653 - ERROR - 驿动数据缺失！2018-05-31数据缺失，请更新！
2018-05-31 22:39:20,655 - ERROR - url: http://localhost:8000/plan_trip?o_lat=31.29188&o_lng=121.22063&d_lat=31.22415&d_lng=121.424639&otime=07:20&membertype=2 - error: 'YidongAlgo' object has no attribute 'ydstation'
2018-05-31 22:39:20,669 - ERROR - 驿动数据缺失！2018-05-31数据缺失，请更新！
2018-05-31 22:39:20,677 - ERROR - url: http://localhost:8000/plan_trip?o_lat=31.22415&o_lng=121.424639&d_lat=31.277159&d_lng=121.175772&otime=16:50&membertype=2 - error: 'YidongAlgo' object has no attribute 'ydstation'
2018-05-31 22:41:39,909 - ERROR - 驿动数据缺失！2018-05-31数据缺失，请更新！
2018-05-31 22:41:40,128 - ERROR - 驿动数据缺失！2018-05-31数据缺失，请更新！
2018-05-31 22:41:40,192 - ERROR - 驿动数据缺失！2018-05-31数据缺失，请更新！
2018-05-31 22:41:40,225 - ERROR - 驿动数据缺失！2018-05-31数据缺失，请更新！
2018-05-31 22:41:40,312 - ERROR - 驿动数据缺失！2018-05-31数据缺失，请更新！
2018-05-31 22:41:44,691 - ERROR - 驿动数据缺失！2018-05-31数据缺失，请更新！
2018-05-31 22:41:44,691 - ERROR - 驿动数据缺失！2018-05-24数据缺失，请更新！
2018-05-31 22:41:44,691 - ERROR - 驿动数据缺失！2018-05-31及其2018-05-24，请更新！
2018-05-31 22:41:44,697 - ERROR - url: http://localhost:8000/plan_trip?o_lat=31.2712&o_lng=121.178615&d_lat=31.277159&d_lng=121.175772&otime=07:10&membertype=0 - error: Could not build url for endpoint 'data_update'. Did you mean 'api.data_update' instead?
2018-05-31 22:41:44,710 - ERROR - 驿动数据缺失！2018-05-31数据缺失，请更新！
2018-05-31 22:41:44,711 - ERROR - 驿动数据缺失！2018-05-24数据缺失，请更新！
2018-05-31 22:41:44,711 - ERROR - 驿动数据缺失！2018-05-31及其2018-05-24，请更新！
2018-05-31 22:41:44,718 - ERROR - url: http://localhost:8000/plan_trip?o_lat=31.277159&o_lng=121.175772&d_lat=31.22415&d_lng=121.424639&otime=07:30&membertype=1 - error: Could not build url for endpoint 'data_update'. Did you mean 'api.data_update' instead?
2018-05-31 22:41:44,743 - ERROR - 驿动数据缺失！2018-05-31数据缺失，请更新！
2018-05-31 22:41:44,743 - ERROR - 驿动数据缺失！2018-05-24数据缺失，请更新！
2018-05-31 22:41:44,743 - ERROR - 驿动数据缺失！2018-05-31及其2018-05-24，请更新！
2018-05-31 22:41:44,747 - ERROR - url: http://localhost:8000/plan_trip?o_lat=31.2712&o_lng=121.178615&d_lat=31.22415&d_lng=121.424639&otime=07:10&membertype=2 - error: Could not build url for endpoint 'data_update'. Did you mean 'api.data_update' instead?
2018-05-31 22:41:44,763 - ERROR - 驿动数据缺失！2018-05-31数据缺失，请更新！
2018-05-31 22:41:44,764 - ERROR - 驿动数据缺失！2018-05-24数据缺失，请更新！
2018-05-31 22:41:44,764 - ERROR - 驿动数据缺失！2018-05-31及其2018-05-24，请更新！
2018-05-31 22:41:44,769 - ERROR - url: http://localhost:8000/plan_trip?o_lat=31.29188&o_lng=121.22063&d_lat=31.22415&d_lng=121.424639&otime=07:20&membertype=2 - error: Could not build url for endpoint 'data_update'. Did you mean 'api.data_update' instead?
2018-05-31 22:41:44,778 - ERROR - 驿动数据缺失！2018-05-31数据缺失，请更新！
2018-05-31 22:41:44,778 - ERROR - 驿动数据缺失！2018-05-24数据缺失，请更新！
2018-05-31 22:41:44,778 - ERROR - 驿动数据缺失！2018-05-31及其2018-05-24，请更新！
2018-05-31 22:41:44,780 - ERROR - url: http://localhost:8000/plan_trip?o_lat=31.22415&o_lng=121.424639&d_lat=31.277159&d_lng=121.175772&otime=16:50&membertype=2 - error: Could not build url for endpoint 'data_update'. Did you mean 'api.data_update' instead?
2018-05-31 22:53:37,119 - ERROR - 驿动数据缺失！2018-05-31数据缺失，请更新！init_set
2018-05-31 22:53:37,313 - ERROR - 驿动数据缺失！2018-05-31数据缺失，请更新！init_set
2018-05-31 22:53:37,330 - ERROR - 驿动数据缺失！2018-05-31数据缺失，请更新！init_set
2018-05-31 22:53:37,393 - ERROR - 驿动数据缺失！2018-05-31数据缺失，请更新！init_set
2018-05-31 22:53:37,422 - ERROR - 驿动数据缺失！2018-05-31数据缺失，请更新！init_set
2018-05-31 22:53:39,869 - ERROR - 驿动数据缺失！2018-05-31数据缺失，请更新！init_set
2018-05-31 22:53:39,870 - ERROR - 驿动数据缺失！2018-05-24数据缺失，请更新！init_set
2018-05-31 22:53:39,870 - ERROR - 驿动数据缺失！2018-05-31及其2018-05-24，请更新！check_data
2018-05-31 22:53:39,877 - ERROR - 驿动数据缺失！2018-05-31数据缺失，请更新！init_set
2018-05-31 22:53:39,878 - ERROR - 驿动数据缺失！2018-05-24数据缺失，请更新！init_set
2018-05-31 22:53:39,878 - ERROR - 驿动数据缺失！2018-05-31及其2018-05-24，请更新！check_data
2018-05-31 22:53:39,887 - ERROR - 驿动数据缺失！2018-05-31数据缺失，请更新！init_set
2018-05-31 22:53:39,887 - ERROR - 驿动数据缺失！2018-05-24数据缺失，请更新！init_set
2018-05-31 22:53:39,887 - ERROR - 驿动数据缺失！2018-05-31及其2018-05-24，请更新！check_data
2018-05-31 22:53:39,906 - ERROR - 驿动数据缺失！2018-05-31数据缺失，请更新！init_set
2018-05-31 22:53:39,908 - ERROR - 驿动数据缺失！2018-05-24数据缺失，请更新！init_set
2018-05-31 22:53:39,909 - ERROR - 驿动数据缺失！2018-05-31及其2018-05-24，请更新！check_data
2018-05-31 22:53:39,932 - ERROR - 驿动数据缺失！2018-05-31数据缺失，请更新！init_set
2018-05-31 22:53:39,932 - ERROR - 驿动数据缺失！2018-05-24数据缺失，请更新！init_set
2018-05-31 22:53:39,933 - ERROR - 驿动数据缺失！2018-05-31及其2018-05-24，请更新！check_data
2018-05-31 22:53:39,940 - ERROR - 驿动数据缺失！2018-05-31数据缺失，请更新！init_set
2018-05-31 22:53:39,940 - ERROR - 驿动数据缺失！2018-05-24数据缺失，请更新！init_set
2018-05-31 22:53:39,940 - ERROR - 驿动数据缺失！2018-05-31及其2018-05-24，请更新！check_data
2018-05-31 22:53:39,954 - ERROR - 驿动数据缺失！2018-05-31数据缺失，请更新！init_set
2018-05-31 22:53:39,955 - ERROR - 驿动数据缺失！2018-05-24数据缺失，请更新！init_set
2018-05-31 22:53:39,955 - ERROR - 驿动数据缺失！2018-05-31及其2018-05-24，请更新！check_data
2018-05-31 22:53:39,973 - ERROR - 驿动数据缺失！2018-05-31数据缺失，请更新！init_set
2018-05-31 22:53:39,973 - ERROR - 驿动数据缺失！2018-05-24数据缺失，请更新！init_set
2018-05-31 22:53:39,974 - ERROR - 驿动数据缺失！2018-05-31及其2018-05-24，请更新！check_data
2018-05-31 22:53:39,985 - ERROR - 驿动数据缺失！2018-05-31数据缺失，请更新！init_set
2018-05-31 22:53:39,987 - ERROR - 驿动数据缺失！2018-05-24数据缺失，请更新！init_set
2018-05-31 22:53:39,991 - ERROR - 驿动数据缺失！2018-05-31及其2018-05-24，请更新！check_data
2018-05-31 22:53:40,008 - ERROR - 驿动数据缺失！2018-05-31数据缺失，请更新！init_set
2018-05-31 22:53:40,009 - ERROR - 驿动数据缺失！2018-05-24数据缺失，请更新！init_set
2018-05-31 22:53:40,009 - ERROR - 驿动数据缺失！2018-05-31及其2018-05-24，请更新！check_data
2018-05-31 22:53:40,017 - ERROR - 驿动数据缺失！2018-05-31数据缺失，请更新！init_set
2018-05-31 22:53:40,017 - ERROR - 驿动数据缺失！2018-05-24数据缺失，请更新！init_set
2018-05-31 22:53:40,017 - ERROR - 驿动数据缺失！2018-05-31及其2018-05-24，请更新！check_data
2018-05-31 22:53:40,023 - ERROR - 驿动数据缺失！2018-05-31数据缺失，请更新！init_set
2018-05-31 22:53:40,024 - ERROR - 驿动数据缺失！2018-05-24数据缺失，请更新！init_set
2018-05-31 22:53:40,024 - ERROR - 驿动数据缺失！2018-05-31及其2018-05-24，请更新！check_data
2018-05-31 22:53:40,034 - ERROR - 驿动数据缺失！2018-05-31数据缺失，请更新！init_set
2018-05-31 22:53:40,034 - ERROR - 驿动数据缺失！2018-05-24数据缺失，请更新！init_set
2018-05-31 22:53:40,035 - ERROR - 驿动数据缺失！2018-05-31及其2018-05-24，请更新！check_data
2018-05-31 22:53:40,044 - ERROR - 驿动数据缺失！2018-05-31数据缺失，请更新！init_set
2018-05-31 22:53:40,044 - ERROR - 驿动数据缺失！2018-05-24数据缺失，请更新！init_set
2018-05-31 22:53:40,044 - ERROR - 驿动数据缺失！2018-05-31及其2018-05-24，请更新！check_data
2018-05-31 22:53:40,057 - ERROR - 驿动数据缺失！2018-05-31数据缺失，请更新！init_set
2018-05-31 22:53:40,058 - ERROR - 驿动数据缺失！2018-05-24数据缺失，请更新！init_set
2018-05-31 22:53:40,058 - ERROR - 驿动数据缺失！2018-05-31及其2018-05-24，请更新！check_data
2018-05-31 22:53:40,064 - ERROR - 驿动数据缺失！2018-05-31数据缺失，请更新！init_set
2018-05-31 22:53:40,064 - ERROR - 驿动数据缺失！2018-05-24数据缺失，请更新！init_set
2018-05-31 22:53:40,064 - ERROR - 驿动数据缺失！2018-05-31及其2018-05-24，请更新！check_data
2018-05-31 22:53:40,072 - ERROR - 驿动数据缺失！2018-05-31数据缺失，请更新！init_set
2018-05-31 22:53:40,073 - ERROR - 驿动数据缺失！2018-05-24数据缺失，请更新！init_set
2018-05-31 22:53:40,073 - ERROR - 驿动数据缺失！2018-05-31及其2018-05-24，请更新！check_data
2018-05-31 22:53:40,083 - ERROR - 驿动数据缺失！2018-05-31数据缺失，请更新！init_set
2018-05-31 22:53:40,083 - ERROR - 驿动数据缺失！2018-05-24数据缺失，请更新！init_set
2018-05-31 22:53:40,083 - ERROR - 驿动数据缺失！2018-05-31及其2018-05-24，请更新！check_data
2018-05-31 22:53:40,091 - ERROR - 驿动数据缺失！2018-05-31数据缺失，请更新！init_set
2018-05-31 22:53:40,091 - ERROR - 驿动数据缺失！2018-05-24数据缺失，请更新！init_set
2018-05-31 22:53:40,092 - ERROR - 驿动数据缺失！2018-05-31及其2018-05-24，请更新！check_data
2018-05-31 22:53:40,105 - ERROR - 驿动数据缺失！2018-05-31数据缺失，请更新！init_set
2018-05-31 22:53:40,105 - ERROR - 驿动数据缺失！2018-05-24数据缺失，请更新！init_set
2018-05-31 22:53:40,106 - ERROR - 驿动数据缺失！2018-05-31及其2018-05-24，请更新！check_data
2018-05-31 22:53:40,124 - ERROR - 驿动数据缺失！2018-05-31数据缺失，请更新！init_set
2018-05-31 22:53:40,126 - ERROR - 驿动数据缺失！2018-05-24数据缺失，请更新！init_set
2018-05-31 22:53:40,126 - ERROR - 驿动数据缺失！2018-05-31及其2018-05-24，请更新！check_data
2018-05-31 22:53:40,145 - ERROR - 驿动数据缺失！2018-05-31数据缺失，请更新！init_set
2018-05-31 22:53:40,145 - ERROR - 驿动数据缺失！2018-05-24数据缺失，请更新！init_set
2018-05-31 22:53:40,145 - ERROR - 驿动数据缺失！2018-05-31及其2018-05-24，请更新！check_data
2018-05-31 22:53:40,153 - ERROR - 驿动数据缺失！2018-05-31数据缺失，请更新！init_set
2018-05-31 22:53:40,154 - ERROR - 驿动数据缺失！2018-05-24数据缺失，请更新！init_set
2018-05-31 22:53:40,154 - ERROR - 驿动数据缺失！2018-05-31及其2018-05-24，请更新！check_data
2018-05-31 22:53:40,165 - ERROR - 驿动数据缺失！2018-05-31数据缺失，请更新！init_set
2018-05-31 22:53:40,165 - ERROR - 驿动数据缺失！2018-05-24数据缺失，请更新！init_set
2018-05-31 22:53:40,165 - ERROR - 驿动数据缺失！2018-05-31及其2018-05-24，请更新！check_data
2018-05-31 22:53:40,171 - ERROR - 驿动数据缺失！2018-05-31数据缺失，请更新！init_set
2018-05-31 22:53:40,172 - ERROR - 驿动数据缺失！2018-05-24数据缺失，请更新！init_set
2018-05-31 22:53:40,172 - ERROR - 驿动数据缺失！2018-05-31及其2018-05-24，请更新！check_data
2018-05-31 22:53:40,179 - ERROR - 驿动数据缺失！2018-05-31数据缺失，请更新！init_set
2018-05-31 22:53:40,179 - ERROR - 驿动数据缺失！2018-05-24数据缺失，请更新！init_set
2018-05-31 22:53:40,179 - ERROR - 驿动数据缺失！2018-05-31及其2018-05-24，请更新！check_data
2018-05-31 22:53:40,189 - ERROR - 驿动数据缺失！2018-05-31数据缺失，请更新！init_set
2018-05-31 22:53:40,189 - ERROR - 驿动数据缺失！2018-05-24数据缺失，请更新！init_set
2018-05-31 22:53:40,189 - ERROR - 驿动数据缺失！2018-05-31及其2018-05-24，请更新！check_data
2018-05-31 22:53:40,198 - ERROR - 驿动数据缺失！2018-05-31数据缺失，请更新！init_set
2018-05-31 22:53:40,198 - ERROR - 驿动数据缺失！2018-05-24数据缺失，请更新！init_set
2018-05-31 22:53:40,198 - ERROR - 驿动数据缺失！2018-05-31及其2018-05-24，请更新！check_data
2018-05-31 22:53:40,216 - ERROR - 驿动数据缺失！2018-05-31数据缺失，请更新！init_set
2018-05-31 22:53:40,217 - ERROR - 驿动数据缺失！2018-05-24数据缺失，请更新！init_set
2018-05-31 22:53:40,218 - ERROR - 驿动数据缺失！2018-05-31及其2018-05-24，请更新！check_data
2018-05-31 22:53:40,226 - ERROR - 驿动数据缺失！2018-05-31数据缺失，请更新！init_set
2018-05-31 22:53:40,226 - ERROR - 驿动数据缺失！2018-05-24数据缺失，请更新！init_set
2018-05-31 22:53:40,227 - ERROR - 驿动数据缺失！2018-05-31及其2018-05-24，请更新！check_data
2018-05-31 22:53:40,240 - ERROR - 驿动数据缺失！2018-05-31数据缺失，请更新！init_set
2018-05-31 22:53:40,240 - ERROR - 驿动数据缺失！2018-05-24数据缺失，请更新！init_set
2018-05-31 22:53:40,240 - ERROR - 驿动数据缺失！2018-05-31及其2018-05-24，请更新！check_data
2018-05-31 22:56:11,787 - ERROR - 驿动数据缺失！2018-05-31数据缺失，请更新！init_set
2018-05-31 22:56:11,802 - ERROR - 驿动数据缺失！2018-05-31数据缺失，请更新！init_set
2018-05-31 22:56:11,807 - ERROR - 驿动数据缺失！2018-05-31数据缺失，请更新！init_set
2018-05-31 22:56:11,985 - ERROR - 驿动数据缺失！2018-05-31数据缺失，请更新！init_set
2018-05-31 22:56:11,991 - ERROR - 驿动数据缺失！2018-05-31数据缺失，请更新！init_set
2018-05-31 22:56:17,187 - ERROR - 驿动数据缺失！2018-05-31数据缺失，请更新！init_set
2018-05-31 22:56:17,188 - ERROR - 驿动数据缺失！2018-05-24数据缺失，请更新！init_set
2018-05-31 22:56:17,188 - ERROR - 驿动数据缺失！2018-05-31及其2018-05-24，请更新！check_data
2018-05-31 22:56:17,198 - ERROR - 驿动数据缺失！2018-05-31数据缺失，请更新！init_set
2018-05-31 22:56:17,199 - ERROR - 驿动数据缺失！2018-05-24数据缺失，请更新！init_set
2018-05-31 22:56:17,199 - ERROR - 驿动数据缺失！2018-05-31及其2018-05-24，请更新！check_data
2018-05-31 22:56:17,209 - ERROR - 驿动数据缺失！2018-05-31数据缺失，请更新！init_set
2018-05-31 22:56:17,209 - ERROR - 驿动数据缺失！2018-05-24数据缺失，请更新！init_set
2018-05-31 22:56:17,209 - ERROR - 驿动数据缺失！2018-05-31及其2018-05-24，请更新！check_data
2018-05-31 22:56:17,221 - ERROR - 驿动数据缺失！2018-05-31数据缺失，请更新！init_set
2018-05-31 22:56:17,222 - ERROR - 驿动数据缺失！2018-05-24数据缺失，请更新！init_set
2018-05-31 22:56:17,222 - ERROR - 驿动数据缺失！2018-05-31及其2018-05-24，请更新！check_data
2018-05-31 22:56:17,233 - ERROR - 驿动数据缺失！2018-05-31数据缺失，请更新！init_set
2018-05-31 22:56:17,233 - ERROR - 驿动数据缺失！2018-05-24数据缺失，请更新！init_set
2018-05-31 22:56:17,233 - ERROR - 驿动数据缺失！2018-05-31及其2018-05-24，请更新！check_data
2018-05-31 22:56:38,922 - ERROR - 驿动数据缺失！2018-05-31数据缺失，请更新！init_set
2018-05-31 22:56:38,923 - ERROR - 驿动数据缺失！2018-05-24数据缺失，请更新！init_set
2018-05-31 22:56:38,923 - ERROR - 驿动数据缺失！2018-05-31及其2018-05-24，请更新！check_data
2018-05-31 22:56:38,929 - ERROR - 驿动数据缺失！2018-05-31数据缺失，请更新！init_set
2018-05-31 22:56:38,929 - ERROR - 驿动数据缺失！2018-05-24数据缺失，请更新！init_set
2018-05-31 22:56:38,929 - ERROR - 驿动数据缺失！2018-05-31及其2018-05-24，请更新！check_data
2018-05-31 22:56:38,934 - ERROR - 驿动数据缺失！2018-05-31数据缺失，请更新！init_set
2018-05-31 22:56:38,935 - ERROR - 驿动数据缺失！2018-05-24数据缺失，请更新！init_set
2018-05-31 22:56:38,935 - ERROR - 驿动数据缺失！2018-05-31及其2018-05-24，请更新！check_data
2018-05-31 22:56:38,940 - ERROR - 驿动数据缺失！2018-05-31数据缺失，请更新！init_set
2018-05-31 22:56:38,940 - ERROR - 驿动数据缺失！2018-05-24数据缺失，请更新！init_set
2018-05-31 22:56:38,940 - ERROR - 驿动数据缺失！2018-05-31及其2018-05-24，请更新！check_data
2018-05-31 22:56:38,948 - ERROR - 驿动数据缺失！2018-05-31数据缺失，请更新！init_set
2018-05-31 22:56:38,948 - ERROR - 驿动数据缺失！2018-05-24数据缺失，请更新！init_set
2018-05-31 22:56:38,949 - ERROR - 驿动数据缺失！2018-05-31及其2018-05-24，请更新！check_data
